0 info it worked if it ends with ok
1 verbose cli [ '/usr/bin/node',
1 verbose cli   '/usr/bin/npm',
1 verbose cli   'run',
1 verbose cli   'dev',
1 verbose cli   '0-redis_client.js' ]
2 info using npm@3.5.2
3 info using node@v8.10.0
4 verbose config Skipping project config: /root/.npmrc. (matches userconfig)
5 verbose run-script [ 'predev', 'dev', 'postdev' ]
6 info lifecycle queuing_system_in_js@1.0.0~predev: queuing_system_in_js@1.0.0
7 silly lifecycle queuing_system_in_js@1.0.0~predev: no script for predev, continuing
8 info lifecycle queuing_system_in_js@1.0.0~dev: queuing_system_in_js@1.0.0
9 verbose lifecycle queuing_system_in_js@1.0.0~dev: unsafe-perm in lifecycle true
10 verbose lifecycle queuing_system_in_js@1.0.0~dev: PATH: /usr/share/npm/bin/node-gyp-bin:/root/node_modules/.bin:/usr/local/sbin:/usr/local/bin:/usr/sbin:/usr/bin:/sbin:/bin
11 verbose lifecycle queuing_system_in_js@1.0.0~dev: CWD: /root
12 silly lifecycle queuing_system_in_js@1.0.0~dev: Args: [ '-c',
12 silly lifecycle   'nodemon --exec babel-node --presets @babel/preset-env "0-redis_client.js"' ]
13 info lifecycle queuing_system_in_js@1.0.0~dev: Failed to exec dev script
14 verbose stack Error: queuing_system_in_js@1.0.0 dev: `nodemon --exec babel-node --presets @babel/preset-env "0-redis_client.js"`
14 verbose stack spawn ENOENT
14 verbose stack     at ChildProcess.<anonymous> (/usr/share/npm/lib/utils/spawn.js:17:16)
14 verbose stack     at emitTwo (events.js:126:13)
14 verbose stack     at ChildProcess.emit (events.js:214:7)
14 verbose stack     at maybeClose (internal/child_process.js:925:16)
14 verbose stack     at Process.ChildProcess._handle.onexit (internal/child_process.js:209:5)
15 verbose pkgid queuing_system_in_js@1.0.0
16 verbose cwd /root/alx-backend/0x03-queuing_system_in_js
17 error Linux 5.3.0-1032-aws
18 error argv "/usr/bin/node" "/usr/bin/npm" "run" "dev" "0-redis_client.js"
19 error node v8.10.0
20 error npm  v3.5.2
21 error file sh
22 error code ELIFECYCLE
23 error errno ENOENT
24 error syscall spawn
25 error queuing_system_in_js@1.0.0 dev: `nodemon --exec babel-node --presets @babel/preset-env "0-redis_client.js"`
25 error spawn ENOENT
26 error Failed at the queuing_system_in_js@1.0.0 dev script 'nodemon --exec babel-node --presets @babel/preset-env "0-redis_client.js"'.
26 error Make sure you have the latest version of node.js and npm installed.
26 error If you do, this is most likely a problem with the queuing_system_in_js package,
26 error not with npm itself.
26 error Tell the author that this fails on your system:
26 error     nodemon --exec babel-node --presets @babel/preset-env "0-redis_client.js"
26 error You can get information on how to open an issue for this project with:
26 error     npm bugs queuing_system_in_js
26 error Or if that isn't available, you can get their info via:
26 error     npm owner ls queuing_system_in_js
26 error There is likely additional logging output above.
27 verbose exit [ 1, true ]
